#
# There is insufficient memory for the Java Runtime Environment to continue.
# Native memory allocation (malloc) failed to allocate 32744 bytes for ChunkPool::allocate
# Possible reasons:
#   The system is out of physical RAM or swap space
#   In 32 bit mode, the process size limit was hit
# Possible solutions:
#   Reduce memory load on the system
#   Increase physical memory or swap space
#   Check if swap backing store is full
#   Use 64 bit Java on a 64 bit OS
#   Decrease Java heap size (-Xmx/-Xms)
#   Decrease number of Java threads
#   Decrease Java thread stack sizes (-Xss)
#   Set larger code cache with -XX:ReservedCodeCacheSize=
# This output file may be truncated or incomplete.
#
#  Out of Memory Error (allocation.cpp:273), pid=6600, tid=0x0000000000001390
#
# JRE version: Java(TM) SE Runtime Environment (8.0_171-b11) (build 1.8.0_171-b11)
# Java VM: Java HotSpot(TM) 64-Bit Server VM (25.171-b11 mixed mode windows-amd64 compressed oops)
# Failed to write core dump. Minidumps are not enabled by default on client versions of Windows
#

---------------  T H R E A D  ---------------

Current thread (0x0000000058893000):  JavaThread "C2 CompilerThread0" daemon [_thread_in_native, id=5008, stack(0x00000000127b0000,0x00000000128b0000)]

Stack: [0x00000000127b0000,0x00000000128b0000]
[error occurred during error reporting (printing stack bounds), id 0xc0000005]

Native frames: (J=compiled Java code, j=interpreted, Vv=VM code, C=native code)


Current CompileTask:
C2:  29061 7584       4       org.objectweb.asm.ClassReader::b (1124 bytes)


---------------  P R O C E S S  ---------------

Java Threads: ( => current thread )
  0x00000000588bd000 JavaThread "Service Thread" daemon [_thread_blocked, id=5944, stack(0x00000000592f0000,0x00000000593f0000)]
  0x00000000575f7800 JavaThread "C1 CompilerThread2" daemon [_thread_blocked, id=3092, stack(0x0000000059060000,0x0000000059160000)]
  0x000000005889a000 JavaThread "C2 CompilerThread1" daemon [_thread_in_native, id=3444, stack(0x0000000058e10000,0x0000000058f10000)]
=>0x0000000058893000 JavaThread "C2 CompilerThread0" daemon [_thread_in_native, id=5008, stack(0x00000000127b0000,0x00000000128b0000)]
  0x00000000575f4000 JavaThread "Attach Listener" daemon [_thread_blocked, id=6340, stack(0x0000000058f20000,0x0000000059020000)]
  0x00000000575f2800 JavaThread "Signal Dispatcher" daemon [_thread_blocked, id=5804, stack(0x0000000058d00000,0x0000000058e00000)]
  0x00000000575dc800 JavaThread "Finalizer" daemon [_thread_blocked, id=6392, stack(0x00000000584e0000,0x00000000585e0000)]
  0x0000000057594800 JavaThread "Reference Handler" daemon [_thread_blocked, id=2180, stack(0x0000000058790000,0x0000000058890000)]
  0x000000000234f000 JavaThread "main" [_thread_in_native, id=6708, stack(0x00000000025f0000,0x00000000026f0000)]

Other Threads:
  0x000000005758d000 VMThread [stack: 0x00000000585e0000,0x00000000586e0000] [id=2236]
  0x0000000058910000 WatcherThread [stack: 0x00000000593f0000,0x00000000594f0000] [id=6672]

VM state:not at safepoint (normal execution)

VM Mutex/Monitor currently owned by a thread: None

Heap:
 PSYoungGen      total 657408K, used 30333K [0x00000000d6700000, 0x00000000ffe80000, 0x0000000100000000)
  eden space 635392K, 3% used [0x00000000d6700000,0x00000000d7fbb418,0x00000000fd380000)
  from space 22016K, 22% used [0x00000000fe900000,0x00000000fede4020,0x00000000ffe80000)
  to   space 22016K, 0% used [0x00000000fd380000,0x00000000fd380000,0x00000000fe900000)
 ParOldGen       total 92160K, used 42212K [0x0000000083400000, 0x0000000088e00000, 0x00000000d6700000)
  object space 92160K, 45% used [0x0000000083400000,0x0000000085d39020,0x0000000088e00000)
 Metaspace       used 26792K, capacity 27458K, committed 27520K, reserved 1073152K
  class space    used 2981K, capacity 3180K, committed 3200K, reserved 1048576K

Card table byte_map: [0x0000000011d80000,0x0000000012170000] byte_map_base: 0x0000000011966000

Marking Bits: (ParMarkBitMap*) 0x00000000620108c0
 Begin Bits: [0x00000000129b0000, 0x00000000148e0000)
 End Bits:   [0x00000000148e0000, 0x0000000016810000)

Polling page: 0x0000000000130000

CodeCache: size=245760Kb used=25522Kb max_used=25555Kb free=220237Kb
 bounds [0x00000000029c0000, 0x00000000042e0000, 0x00000000119c0000]
 total_blobs=6816 nmethods=6421 adapters=308
 compilation: enabled

Compilation events (10 events):
Event: 28.166 Thread 0x0000000058893000 nmethod 7385 0x0000000004288590 code [0x00000000042886c0, 0x0000000004288798]
Event: 28.166 Thread 0x0000000058893000 7439       4       org.objectweb.asm.ClassReader::readClass (7 bytes)
Event: 28.185 Thread 0x0000000058893000 nmethod 7439 0x0000000004288ad0 code [0x0000000004288c60, 0x0000000004289518]
Event: 28.185 Thread 0x0000000058893000 7437       4       org.objectweb.asm.commons.Remapper::mapType (18 bytes)
Event: 28.199 Thread 0x0000000058893000 nmethod 7437 0x0000000004285150 code [0x00000000042852e0, 0x00000000042858c8]
Event: 28.199 Thread 0x0000000058893000 7419       4       org.objectweb.asm.Type::a (87 bytes)
Event: 28.266 Thread 0x0000000058893000 nmethod 7419 0x00000000042bf790 code [0x00000000042bf940, 0x00000000042c1438]
Event: 28.266 Thread 0x0000000058893000 7616       4       java.util.zip.ZipInputStream::readFully (44 bytes)
Event: 28.277 Thread 0x0000000058893000 nmethod 7616 0x00000000042846d0 code [0x0000000004284840, 0x0000000004284c88]
Event: 28.277 Thread 0x0000000058893000 7584       4       org.objectweb.asm.ClassReader::b (1124 bytes)

GC Heap History (10 events):
Event: 22.624 GC heap before
{Heap before GC invocations=12 (full 2):
 PSYoungGen      total 359424K, used 8634K [0x00000000d6700000, 0x00000000ee080000, 0x0000000100000000)
  eden space 335360K, 0% used [0x00000000d6700000,0x00000000d6700000,0x00000000eae80000)
  from space 24064K, 35% used [0x00000000ec500000,0x00000000ecd6eaf0,0x00000000edc80000)
  to   space 23040K, 0% used [0x00000000eae80000,0x00000000eae80000,0x00000000ec500000)
 ParOldGen       total 52736K, used 47065K [0x0000000083400000, 0x0000000086780000, 0x00000000d6700000)
  object space 52736K, 89% used [0x0000000083400000,0x00000000861f67f8,0x0000000086780000)
 Metaspace       used 26780K, capacity 27458K, committed 27520K, reserved 1073152K
  class space    used 2981K, capacity 3180K, committed 3200K, reserved 1048576K
Event: 22.905 GC heap after
Heap after GC invocations=12 (full 2):
 PSYoungGen      total 359424K, used 0K [0x00000000d6700000, 0x00000000ee080000, 0x0000000100000000)
  eden space 335360K, 0% used [0x00000000d6700000,0x00000000d6700000,0x00000000eae80000)
  from space 24064K, 0% used [0x00000000ec500000,0x00000000ec500000,0x00000000edc80000)
  to   space 23040K, 0% used [0x00000000eae80000,0x00000000eae80000,0x00000000ec500000)
 ParOldGen       total 92160K, used 28737K [0x0000000083400000, 0x0000000088e00000, 0x00000000d6700000)
  object space 92160K, 31% used [0x0000000083400000,0x0000000085010740,0x0000000088e00000)
 Metaspace       used 26780K, capacity 27458K, committed 27520K, reserved 1073152K
  class space    used 2981K, capacity 3180K, committed 3200K, reserved 1048576K
}
Event: 24.142 GC heap before
{Heap before GC invocations=13 (full 2):
 PSYoungGen      total 359424K, used 335360K [0x00000000d6700000, 0x00000000ee080000, 0x0000000100000000)
  eden space 335360K, 100% used [0x00000000d6700000,0x00000000eae80000,0x00000000eae80000)
  from space 24064K, 0% used [0x00000000ec500000,0x00000000ec500000,0x00000000edc80000)
  to   space 23040K, 0% used [0x00000000eae80000,0x00000000eae80000,0x00000000ec500000)
 ParOldGen       total 92160K, used 28737K [0x0000000083400000, 0x0000000088e00000, 0x00000000d6700000)
  object space 92160K, 31% used [0x0000000083400000,0x0000000085010740,0x0000000088e00000)
 Metaspace       used 26787K, capacity 27458K, committed 27520K, reserved 1073152K
  class space    used 2981K, capacity 3180K, committed 3200K, reserved 1048576K
Event: 24.164 GC heap after
Heap after GC invocations=13 (full 2):
 PSYoungGen      total 358400K, used 5072K [0x00000000d6700000, 0x00000000f6c00000, 0x0000000100000000)
  eden space 335360K, 0% used [0x00000000d6700000,0x00000000d6700000,0x00000000eae80000)
  from space 23040K, 22% used [0x00000000eae80000,0x00000000eb374050,0x00000000ec500000)
  to   space 23040K, 0% used [0x00000000f5580000,0x00000000f5580000,0x00000000f6c00000)
 ParOldGen       total 92160K, used 28737K [0x0000000083400000, 0x0000000088e00000, 0x00000000d6700000)
  object space 92160K, 31% used [0x0000000083400000,0x0000000085010740,0x0000000088e00000)
 Metaspace       used 26787K, capacity 27458K, committed 27520K, reserved 1073152K
  class space    used 2981K, capacity 3180K, committed 3200K, reserved 1048576K
}
Event: 25.409 GC heap before
{Heap before GC invocations=14 (full 2):
 PSYoungGen      total 358400K, used 340432K [0x00000000d6700000, 0x00000000f6c00000, 0x0000000100000000)
  eden space 335360K, 100% used [0x00000000d6700000,0x00000000eae80000,0x00000000eae80000)
  from space 23040K, 22% used [0x00000000eae80000,0x00000000eb374050,0x00000000ec500000)
  to   space 23040K, 0% used [0x00000000f5580000,0x00000000f5580000,0x00000000f6c00000)
 ParOldGen       total 92160K, used 28737K [0x0000000083400000, 0x0000000088e00000, 0x00000000d6700000)
  object space 92160K, 31% used [0x0000000083400000,0x0000000085010740,0x0000000088e00000)
 Metaspace       used 26790K, capacity 27458K, committed 27520K, reserved 1073152K
  class space    used 2981K, capacity 3180K, committed 3200K, reserved 1048576K
Event: 25.531 GC heap after
Heap after GC invocations=14 (full 2):
 PSYoungGen      total 506368K, used 3792K [0x00000000d6700000, 0x00000000f7200000, 0x0000000100000000)
  eden space 483328K, 0% used [0x00000000d6700000,0x00000000d6700000,0x00000000f3f00000)
  from space 23040K, 16% used [0x00000000f5580000,0x00000000f5934010,0x00000000f6c00000)
  to   space 23040K, 0% used [0x00000000f3f00000,0x00000000f3f00000,0x00000000f5580000)
 ParOldGen       total 92160K, used 33669K [0x0000000083400000, 0x0000000088e00000, 0x00000000d6700000)
  object space 92160K, 36% used [0x0000000083400000,0x00000000854e17f0,0x0000000088e00000)
 Metaspace       used 26790K, capacity 27458K, committed 27520K, reserved 1073152K
  class space    used 2981K, capacity 3180K, committed 3200K, reserved 1048576K
}
Event: 27.129 GC heap before
{Heap before GC invocations=15 (full 2):
 PSYoungGen      total 506368K, used 487120K [0x00000000d6700000, 0x00000000f7200000, 0x0000000100000000)
  eden space 483328K, 100% used [0x00000000d6700000,0x00000000f3f00000,0x00000000f3f00000)
  from space 23040K, 16% used [0x00000000f5580000,0x00000000f5934010,0x00000000f6c00000)
  to   space 23040K, 0% used [0x00000000f3f00000,0x00000000f3f00000,0x00000000f5580000)
 ParOldGen       total 92160K, used 33669K [0x0000000083400000, 0x0000000088e00000, 0x00000000d6700000)
  object space 92160K, 36% used [0x0000000083400000,0x00000000854e17f0,0x0000000088e00000)
 Metaspace       used 26792K, capacity 27458K, committed 27520K, reserved 1073152K
  class space    used 2981K, capacity 3180K, committed 3200K, reserved 1048576K
Event: 27.180 GC heap after
Heap after GC invocations=15 (full 2):
 PSYoungGen      total 506368K, used 5074K [0x00000000d6700000, 0x00000000fff00000, 0x0000000100000000)
  eden space 483328K, 0% used [0x00000000d6700000,0x00000000d6700000,0x00000000f3f00000)
  from space 23040K, 22% used [0x00000000f3f00000,0x00000000f43f4a58,0x00000000f5580000)
  to   space 22528K, 0% used [0x00000000fe900000,0x00000000fe900000,0x00000000fff00000)
 ParOldGen       total 92160K, used 37307K [0x0000000083400000, 0x0000000088e00000, 0x00000000d6700000)
  object space 92160K, 40% used [0x0000000083400000,0x000000008586ef50,0x0000000088e00000)
 Metaspace       used 26792K, capacity 27458K, committed 27520K, reserved 1073152K
  class space    used 2981K, capacity 3180K, committed 3200K, reserved 1048576K
}
Event: 28.811 GC heap before
{Heap before GC invocations=16 (full 2):
 PSYoungGen      total 506368K, used 488402K [0x00000000d6700000, 0x00000000fff00000, 0x0000000100000000)
  eden space 483328K, 100% used [0x00000000d6700000,0x00000000f3f00000,0x00000000f3f00000)
  from space 23040K, 22% used [0x00000000f3f00000,0x00000000f43f4a58,0x00000000f5580000)
  to   space 22528K, 0% used [0x00000000fe900000,0x00000000fe900000,0x00000000fff00000)
 ParOldGen       total 92160K, used 37307K [0x0000000083400000, 0x0000000088e00000, 0x00000000d6700000)
  object space 92160K, 40% used [0x0000000083400000,0x000000008586ef50,0x0000000088e00000)
 Metaspace       used 26792K, capacity 27458K, committed 27520K, reserved 1073152K
  class space    used 2981K, capacity 3180K, committed 3200K, reserved 1048576K
Event: 28.996 GC heap after
Heap after GC invocations=16 (full 2):
 PSYoungGen      total 657408K, used 5008K [0x00000000d6700000, 0x00000000ffe80000, 0x0000000100000000)
  eden space 635392K, 0% used [0x00000000d6700000,0x00000000d6700000,0x00000000fd380000)
  from space 22016K, 22% used [0x00000000fe900000,0x00000000fede4020,0x00000000ffe80000)
  to   space 22016K, 0% used [0x00000000fd380000,0x00000000fd380000,0x00000000fe900000)
 ParOldGen       total 92160K, used 42212K [0x0000000083400000, 0x0000000088e00000, 0x00000000d6700000)
  object space 92160K, 45% used [0x0000000083400000,0x0000000085d39020,0x0000000088e00000)
 Metaspace       used 26792K, capacity 27458K, committed 27520K, reserved 1073152K
  class space    used 2981K, capacity 3180K, committed 3200K, reserved 1048576K
}

Deoptimization events (10 events):
Event: 20.410 Thread 0x000000000234f000 Uncommon trap: reason=class_check action=maybe_recompile pc=0x00000000030bd2a8 method=java.util.Hashtable.get(Ljava/lang/Object;)Ljava/lang/Object; @ 6
Event: 20.410 Thread 0x000000000234f000 Uncommon trap: reason=class_check action=maybe_recompile pc=0x00000000030bd2a8 method=java.util.Hashtable.get(Ljava/lang/Object;)Ljava/lang/Object; @ 6
Event: 20.411 Thread 0x000000000234f000 Uncommon trap: reason=class_check action=maybe_recompile pc=0x00000000030bd2a8 method=java.util.Hashtable.get(Ljava/lang/Object;)Ljava/lang/Object; @ 6
Event: 20.411 Thread 0x000000000234f000 Uncommon trap: reason=class_check action=maybe_recompile pc=0x00000000030bd2a8 method=java.util.Hashtable.get(Ljava/lang/Object;)Ljava/lang/Object; @ 6
Event: 21.350 Thread 0x000000000234f000 Uncommon trap: reason=class_check action=maybe_recompile pc=0x00000000040b97b8 method=java.util.Formatter$FormatSpecifier.printString(Ljava/lang/Object;Ljava/util/Locale;)V @ 98
Event: 21.562 Thread 0x000000000234f000 Uncommon trap: reason=range_check action=make_not_entrant pc=0x0000000003c217d4 method=org.objectweb.asm.Type.a([CI)Lorg/objectweb/asm/Type; @ 162
Event: 21.997 Thread 0x000000000234f000 Uncommon trap: reason=unstable_if action=reinterpret pc=0x00000000036b85c8 method=org.objectweb.asm.Type.a([CI)Lorg/objectweb/asm/Type; @ 165
Event: 22.000 Thread 0x000000000234f000 Uncommon trap: reason=unstable_if action=reinterpret pc=0x0000000003677878 method=org.objectweb.asm.Type.a([CI)Lorg/objectweb/asm/Type; @ 165
Event: 22.166 Thread 0x000000000234f000 Uncommon trap: reason=unstable_if action=reinterpret pc=0x0000000003571440 method=org.objectweb.asm.Type.a([CI)Lorg/objectweb/asm/Type; @ 165
Event: 22.954 Thread 0x000000000234f000 Uncommon trap: reason=unstable_if action=reinterpret pc=0x00000000041e2cc4 method=org.objectweb.asm.Type.getDimensions()I @ 15

Classes redefined (0 events):
No events

Internal exceptions (10 events):
Event: 13.566 Thread 0x000000000234f000 Implicit null exception at 0x0000000003a952cc to 0x0000000003a96001
Event: 14.198 Thread 0x000000000234f000 Implicit null exception at 0x0000000003d72d74 to 0x0000000003d734a5
Event: 21.264 Thread 0x000000000234f000 Exception <a 'java/lang/NoClassDefFoundError': org/sonatype/aether/metadata/Metadata> (0x00000000d85b4250) thrown at [C:\re\workspace\8-2-build-windows-amd64-cygwin\jdk8u171\10807\hotspot\src\share\vm\classfile\systemDictionary.cpp, line 199]
Event: 21.276 Thread 0x000000000234f000 Exception <a 'java/lang/NoClassDefFoundError': org/sonatype/aether/metadata/Metadata> (0x00000000d861ff88) thrown at [C:\re\workspace\8-2-build-windows-amd64-cygwin\jdk8u171\10807\hotspot\src\share\vm\classfile\systemDictionary.cpp, line 199]
Event: 21.279 Thread 0x000000000234f000 Exception <a 'java/lang/NoClassDefFoundError': org/sonatype/aether/graph/Dependency> (0x00000000d8641e90) thrown at [C:\re\workspace\8-2-build-windows-amd64-cygwin\jdk8u171\10807\hotspot\src\share\vm\classfile\systemDictionary.cpp, line 199]
Event: 21.282 Thread 0x000000000234f000 Exception <a 'java/lang/NoClassDefFoundError': org/sonatype/aether/deployment/DeploymentException> (0x00000000d865c060) thrown at [C:\re\workspace\8-2-build-windows-amd64-cygwin\jdk8u171\10807\hotspot\src\share\vm\classfile\systemDictionary.cpp, line 199]
Event: 21.283 Thread 0x000000000234f000 Exception <a 'java/lang/NoClassDefFoundError': org/sonatype/aether/collection/DependencyCollectionException> (0x00000000d866eac0) thrown at [C:\re\workspace\8-2-build-windows-amd64-cygwin\jdk8u171\10807\hotspot\src\share\vm\classfile\systemDictionary.cpp,
Event: 21.289 Thread 0x000000000234f000 Exception <a 'java/lang/NoClassDefFoundError': org/sonatype/aether/resolution/ArtifactResolutionException> (0x00000000d86af738) thrown at [C:\re\workspace\8-2-build-windows-amd64-cygwin\jdk8u171\10807\hotspot\src\share\vm\classfile\systemDictionary.cpp, l
Event: 21.295 Thread 0x000000000234f000 Exception <a 'java/lang/NoClassDefFoundError': org/sonatype/aether/resolution/ArtifactDescriptorException> (0x00000000d86eed40) thrown at [C:\re\workspace\8-2-build-windows-amd64-cygwin\jdk8u171\10807\hotspot\src\share\vm\classfile\systemDictionary.cpp, l
Event: 21.324 Thread 0x000000000234f000 Exception <a 'java/lang/NoClassDefFoundError': org/sonatype/aether/installation/InstallationException> (0x00000000d87b16c8) thrown at [C:\re\workspace\8-2-build-windows-amd64-cygwin\jdk8u171\10807\hotspot\src\share\vm\classfile\systemDictionary.cpp, line 

Events (10 events):
Event: 28.800 Thread 0x000000000234f000 DEOPT PACKING pc=0x000000000418e557 sp=0x00000000026ed5f0
Event: 28.800 Thread 0x000000000234f000 DEOPT UNPACKING pc=0x0000000002a07490 sp=0x00000000026ed5b8 mode 0
Event: 28.811 Executing VM operation: ParallelGCFailedAllocation
Event: 28.996 Executing VM operation: ParallelGCFailedAllocation done
Event: 28.999 Thread 0x000000000234f000 DEOPT PACKING pc=0x000000000418e557 sp=0x00000000026ed5f0
Event: 28.999 Thread 0x000000000234f000 DEOPT UNPACKING pc=0x0000000002a07490 sp=0x00000000026ed5b8 mode 0
Event: 29.033 Thread 0x000000000234f000 DEOPT PACKING pc=0x000000000418e557 sp=0x00000000026ed5f0
Event: 29.033 Thread 0x000000000234f000 DEOPT UNPACKING pc=0x0000000002a07490 sp=0x00000000026ed5b8 mode 0
Event: 29.043 Thread 0x000000000234f000 DEOPT PACKING pc=0x000000000418e557 sp=0x00000000026ed5f0
Event: 29.043 Thread 0x000000000234f000 DEOPT UNPACKING pc=0x0000000002a07490 sp=0x00000000026ed5b8 mode 0


Dynamic libraries:
0x000000013fe30000 - 0x000000013fe67000 	C:\Program Files\Java\jdk1.8.0_171\bin\java.exe
0x0000000076ef0000 - 0x000000007708f000 	C:\Windows\SYSTEM32\ntdll.dll
0x0000000076dd0000 - 0x0000000076eef000 	C:\Windows\system32\kernel32.dll
0x000007fefcd90000 - 0x000007fefcdfa000 	C:\Windows\system32\KERNELBASE.dll
0x000007fefd9a0000 - 0x000007fefda7b000 	C:\Windows\system32\ADVAPI32.dll
0x000007fefd7d0000 - 0x000007fefd86f000 	C:\Windows\system32\msvcrt.dll
0x000007fefdee0000 - 0x000007fefdeff000 	C:\Windows\SYSTEM32\sechost.dll
0x000007fefd870000 - 0x000007fefd99d000 	C:\Windows\system32\RPCRT4.dll
0x0000000076cd0000 - 0x0000000076dca000 	C:\Windows\system32\USER32.dll
0x000007fefe3e0000 - 0x000007fefe447000 	C:\Windows\system32\GDI32.dll
0x000007fefdf00000 - 0x000007fefdf0e000 	C:\Windows\system32\LPK.dll
0x000007fefd660000 - 0x000007fefd72b000 	C:\Windows\system32\USP10.dll
0x000007fefbaa0000 - 0x000007fefbc94000 	C:\Windows\WinSxS\amd64_microsoft.windows.common-controls_6595b64144ccf1df_6.0.7601.23403_none_e36ad4593102f066\COMCTL32.dll
0x000007fefd370000 - 0x000007fefd3e1000 	C:\Windows\system32\SHLWAPI.dll
0x000007fefd340000 - 0x000007fefd36e000 	C:\Windows\system32\IMM32.DLL
0x000007fefd230000 - 0x000007fefd339000 	C:\Windows\system32\MSCTF.dll
0x00000000700f0000 - 0x00000000701c2000 	C:\Program Files\Java\jdk1.8.0_171\jre\bin\msvcr100.dll
0x00000000617f0000 - 0x0000000062090000 	C:\Program Files\Java\jdk1.8.0_171\jre\bin\server\jvm.dll
0x000007fef4290000 - 0x000007fef4299000 	C:\Windows\system32\WSOCK32.dll
0x000007fefdf10000 - 0x000007fefdf5d000 	C:\Windows\system32\WS2_32.dll
0x000007fefd120000 - 0x000007fefd128000 	C:\Windows\system32\NSI.dll
0x000007fefadf0000 - 0x000007fefae2b000 	C:\Windows\system32\WINMM.dll
0x000007fefb7c0000 - 0x000007fefb7cc000 	C:\Windows\system32\VERSION.dll
0x00000000770a0000 - 0x00000000770a7000 	C:\Windows\system32\PSAPI.DLL
0x0000000073a00000 - 0x0000000073a0f000 	C:\Program Files\Java\jdk1.8.0_171\jre\bin\verify.dll
0x00000000739d0000 - 0x00000000739f9000 	C:\Program Files\Java\jdk1.8.0_171\jre\bin\java.dll
0x00000000737c0000 - 0x00000000737d6000 	C:\Program Files\Java\jdk1.8.0_171\jre\bin\zip.dll
0x000007fefe450000 - 0x000007feff1db000 	C:\Windows\system32\SHELL32.dll
0x000007fefda80000 - 0x000007fefdc7d000 	C:\Windows\system32\ole32.dll
0x000007fefca90000 - 0x000007fefca9f000 	C:\Windows\system32\profapi.dll
0x000007fef2c60000 - 0x000007fef2c6a000 	C:\Program Files (x86)\apache-maven-3.5.3\lib\jansi-native\windows64\jansi.dll
0x0000000073730000 - 0x000000007374a000 	C:\Program Files\Java\jdk1.8.0_171\jre\bin\net.dll
0x000007fefc260000 - 0x000007fefc2b5000 	C:\Windows\system32\mswsock.dll
0x000007fefc250000 - 0x000007fefc257000 	C:\Windows\System32\wship6.dll
0x00000000734d0000 - 0x00000000734e1000 	C:\Program Files\Java\jdk1.8.0_171\jre\bin\nio.dll

VM Arguments:
jvm_args: -Dclassworlds.conf=C:/Program Files (x86)/apache-maven-3.5.3/bin/m2.conf -Dmaven.home=C:/Program Files (x86)/apache-maven-3.5.3 -Dlibrary.jansi.path=C:/Program Files (x86)/apache-maven-3.5.3/lib/jansi-native -Dmaven.multiModuleProjectDirectory=E:/Personal Storage/WorkspaceIdea/SkorrloreGaming 
java_command: org.codehaus.plexus.classworlds.launcher.Launcher install
java_class_path (initial): C:/Program Files (x86)/apache-maven-3.5.3/boot/plexus-classworlds-2.5.2.jar
Launcher Type: SUN_STANDARD

Environment Variables:
JAVA_HOME=C:/Program Files/Java/jdk1.8.0_171
JRE_HOME=C:\Program Files\Java\jdk1.8.0_171
PATH=C:\Users\SkorrloreGaming\bin;C:\Program Files\Git\mingw64\bin;C:\Program Files\Git\usr\local\bin;C:\Program Files\Git\usr\bin;C:\Program Files\Git\usr\bin;C:\Program Files\Git\mingw64\bin;C:\Program Files\Git\usr\bin;C:\Users\SkorrloreGaming\bin;C:\Program Files\Common Files\Microsoft Shared\Windows Live;C:\Program Files (x86)\Common Files\Microsoft Shared\Windows Live;C:\Python27;C:\Python27\Scripts;C:\Program Files (x86)\Common Files\Oracle\Java\javapath;C:\Windows\system32;C:\Windows;C:\Windows\System32\Wbem;C:\Windows\System32\WindowsPowerShell\v1.0;C:\Program Files (x86)\adb;C:\Program Files (x86)\apache-ant-1.10.3\bin;C:\Program Files (x86)\apache-maven-3.5.3\bin;C:\Program Files\PuTTY;C:\Program Files\Git\cmd;C:\Program Files\nodejs;C:\Program Files (x86)\Windows Live\Shared;C:\Program Files\WIDCOMM\Bluetooth Software;C:\Program Files\WIDCOMM\Bluetooth Software\syswow64;C:\Program Files (x86)\WinSCP;C:\Program Files\Microsoft Windows Performance Toolkit;C:\Program Files\Java\jdk1.8.0_171\bin;C:\Program Files\Java\jdk1.8.0_171\lib;C:\Users\SkorrloreGaming\AppData\Roaming\npm;C:\Program Files\Git\usr\bin\vendor_perl;C:\Program Files\Git\usr\bin\core_perl
USERNAME=SkorrloreGaming
SHELL=C:\Program Files\Git\usr\bin\bash.exe
DISPLAY=needs-to-be-defined
OS=Windows_NT
PROCESSOR_IDENTIFIER=Intel64 Family 6 Model 37 Stepping 2, GenuineIntel



---------------  S Y S T E M  ---------------

OS: Windows 7 , 64 bit Build 7601 (6.1.7601.24214)

CPU:total 4 (initial active 4) (2 cores per cpu, 2 threads per core) family 6 model 37 stepping 2, cmov, cx8, fxsr, mmx, sse, sse2, sse3, ssse3, sse4.1, sse4.2, popcnt, aes, clmul, ht, tsc, tscinvbit

Memory: 4k page, physical 8174980k(1131432k free), swap 8173080k(5076k free)

vm_info: Java HotSpot(TM) 64-Bit Server VM (25.171-b11) for windows-amd64 JRE (1.8.0_171-b11), built on Mar 28 2018 16:06:12 by "java_re" with MS VC++ 10.0 (VS2010)

time: Sat Jan 19 20:17:28 2019
elapsed time: 29 seconds (0d 0h 0m 29s)

