#
# There is insufficient memory for the Java Runtime Environment to continue.
# Native memory allocation (malloc) failed to allocate 32744 bytes for ChunkPool::allocate
# Possible reasons:
#   The system is out of physical RAM or swap space
#   In 32 bit mode, the process size limit was hit
# Possible solutions:
#   Reduce memory load on the system
#   Increase physical memory or swap space
#   Check if swap backing store is full
#   Use 64 bit Java on a 64 bit OS
#   Decrease Java heap size (-Xmx/-Xms)
#   Decrease number of Java threads
#   Decrease Java thread stack sizes (-Xss)
#   Set larger code cache with -XX:ReservedCodeCacheSize=
# This output file may be truncated or incomplete.
#
#  Out of Memory Error (allocation.cpp:273), pid=7868, tid=0x0000000000000c70
#
# JRE version: Java(TM) SE Runtime Environment (8.0_171-b11) (build 1.8.0_171-b11)
# Java VM: Java HotSpot(TM) 64-Bit Server VM (25.171-b11 mixed mode windows-amd64 compressed oops)
# Failed to write core dump. Minidumps are not enabled by default on client versions of Windows
#

---------------  T H R E A D  ---------------

Current thread (0x0000000058996000):  JavaThread "C2 CompilerThread0" daemon [_thread_in_native, id=3184, stack(0x00000000591e0000,0x00000000592e0000)]

Stack: [0x00000000591e0000,0x00000000592e0000]
[error occurred during error reporting (printing stack bounds), id 0xc0000005]

Native frames: (J=compiled Java code, j=interpreted, Vv=VM code, C=native code)


Current CompileTask:
C2:  19652 7451       4       org.objectweb.asm.ClassReader::accept (1272 bytes)


---------------  P R O C E S S  ---------------

Java Threads: ( => current thread )
  0x000000005761f000 JavaThread "Service Thread" daemon [_thread_blocked, id=4536, stack(0x0000000059090000,0x0000000059190000)]
  0x0000000057617800 JavaThread "C1 CompilerThread2" daemon [_thread_blocked, id=4268, stack(0x0000000059590000,0x0000000059690000)]
  0x0000000058998000 JavaThread "C2 CompilerThread1" daemon [_thread_in_native, id=7848, stack(0x0000000059410000,0x0000000059510000)]
=>0x0000000058996000 JavaThread "C2 CompilerThread0" daemon [_thread_in_native, id=3184, stack(0x00000000591e0000,0x00000000592e0000)]
  0x0000000057614000 JavaThread "Attach Listener" daemon [_thread_blocked, id=7988, stack(0x0000000058e50000,0x0000000058f50000)]
  0x0000000057612800 JavaThread "Signal Dispatcher" daemon [_thread_blocked, id=4112, stack(0x0000000058f50000,0x0000000059050000)]
  0x00000000575fc800 JavaThread "Finalizer" daemon [_thread_blocked, id=7904, stack(0x0000000058890000,0x0000000058990000)]
  0x00000000575b4800 JavaThread "Reference Handler" daemon [_thread_blocked, id=7452, stack(0x00000000586e0000,0x00000000587e0000)]
  0x000000000029f000 JavaThread "main" [_thread_in_Java, id=7228, stack(0x0000000002620000,0x0000000002720000)]

Other Threads:
  0x00000000575ad000 VMThread [stack: 0x0000000058590000,0x0000000058690000] [id=3580]
  0x0000000058a2e000 WatcherThread [stack: 0x0000000059790000,0x0000000059890000] [id=3612]

VM state:not at safepoint (normal execution)

VM Mutex/Monitor currently owned by a thread: None

Heap:
 PSYoungGen      total 360448K, used 137895K [0x00000000d6700000, 0x00000000ee100000, 0x0000000100000000)
  eden space 336896K, 39% used [0x00000000d6700000,0x00000000dea85d78,0x00000000eb000000)
  from space 23552K, 13% used [0x00000000ec700000,0x00000000eca24030,0x00000000ede00000)
  to   space 23552K, 0% used [0x00000000eb000000,0x00000000eb000000,0x00000000ec700000)
 ParOldGen       total 90624K, used 39742K [0x0000000083400000, 0x0000000088c80000, 0x00000000d6700000)
  object space 90624K, 43% used [0x0000000083400000,0x0000000085acfbd8,0x0000000088c80000)
 Metaspace       used 26672K, capacity 27330K, committed 27520K, reserved 1073152K
  class space    used 2978K, capacity 3180K, committed 3200K, reserved 1048576K

Card table byte_map: [0x0000000011db0000,0x00000000121a0000] byte_map_base: 0x0000000011996000

Marking Bits: (ParMarkBitMap*) 0x000000005c8c08c0
 Begin Bits: [0x00000000129d0000, 0x0000000014900000)
 End Bits:   [0x0000000014900000, 0x0000000016830000)

Polling page: 0x0000000000230000

CodeCache: size=245760Kb used=21921Kb max_used=22045Kb free=223838Kb
 bounds [0x00000000029f0000, 0x0000000004000000, 0x00000000119f0000]
 total_blobs=6714 nmethods=6319 adapters=308
 compilation: enabled

Compilation events (10 events):
Event: 18.564 Thread 0x0000000058996000 nmethod 7441 0x0000000003807d10 code [0x0000000003807e60, 0x00000000038082d8]
Event: 18.564 Thread 0x0000000058996000 7240       4       org.objectweb.asm.commons.Remapper::mapDesc (131 bytes)
Event: 18.740 Thread 0x0000000057617800 7446       2       org.objectweb.asm.commons.SignatureRemapper::visitInnerClassType (126 bytes)
Event: 18.743 Thread 0x0000000057617800 nmethod 7446 0x0000000003800350 code [0x0000000003800660, 0x00000000038021c8]
Event: 18.743 Thread 0x0000000057617800 7447       2       org.objectweb.asm.signature.SignatureWriter::visitInnerClassType (34 bytes)
Event: 18.744 Thread 0x0000000057617800 nmethod 7447 0x00000000035bd810 code [0x00000000035bd9c0, 0x00000000035be318]
Event: 18.769 Thread 0x0000000057617800 7449       1       org.objectweb.asm.signature.SignatureWriter::visitInterface (2 bytes)
Event: 18.770 Thread 0x0000000057617800 nmethod 7449 0x000000000385a1d0 code [0x000000000385a320, 0x000000000385a430]
Event: 19.078 Thread 0x0000000058996000 nmethod 7240 0x00000000038d6790 code [0x00000000038d6fe0, 0x00000000038dc788]
Event: 19.078 Thread 0x0000000058996000 7451       4       org.objectweb.asm.ClassReader::accept (1272 bytes)

GC Heap History (10 events):
Event: 15.751 GC heap before
{Heap before GC invocations=12 (full 2):
 PSYoungGen      total 360448K, used 7626K [0x00000000d6700000, 0x00000000ee100000, 0x0000000100000000)
  eden space 336896K, 0% used [0x00000000d6700000,0x00000000d6700000,0x00000000eb000000)
  from space 23552K, 32% used [0x00000000ec700000,0x00000000ece72ab0,0x00000000ede00000)
  to   space 23552K, 0% used [0x00000000eb000000,0x00000000eb000000,0x00000000ec700000)
 ParOldGen       total 53248K, used 43793K [0x0000000083400000, 0x0000000086800000, 0x00000000d6700000)
  object space 53248K, 82% used [0x0000000083400000,0x0000000085ec4768,0x0000000086800000)
 Metaspace       used 26642K, capacity 27266K, committed 27520K, reserved 1073152K
  class space    used 2978K, capacity 3180K, committed 3200K, reserved 1048576K
Event: 15.894 GC heap after
Heap after GC invocations=12 (full 2):
 PSYoungGen      total 360448K, used 0K [0x00000000d6700000, 0x00000000ee100000, 0x0000000100000000)
  eden space 336896K, 0% used [0x00000000d6700000,0x00000000d6700000,0x00000000eb000000)
  from space 23552K, 0% used [0x00000000ec700000,0x00000000ec700000,0x00000000ede00000)
  to   space 23552K, 0% used [0x00000000eb000000,0x00000000eb000000,0x00000000ec700000)
 ParOldGen       total 90624K, used 27732K [0x0000000083400000, 0x0000000088c80000, 0x00000000d6700000)
  object space 90624K, 30% used [0x0000000083400000,0x0000000084f15318,0x0000000088c80000)
 Metaspace       used 26642K, capacity 27266K, committed 27520K, reserved 1073152K
  class space    used 2978K, capacity 3180K, committed 3200K, reserved 1048576K
}
Event: 16.900 GC heap before
{Heap before GC invocations=13 (full 2):
 PSYoungGen      total 360448K, used 336896K [0x00000000d6700000, 0x00000000ee100000, 0x0000000100000000)
  eden space 336896K, 100% used [0x00000000d6700000,0x00000000eb000000,0x00000000eb000000)
  from space 23552K, 0% used [0x00000000ec700000,0x00000000ec700000,0x00000000ede00000)
  to   space 23552K, 0% used [0x00000000eb000000,0x00000000eb000000,0x00000000ec700000)
 ParOldGen       total 90624K, used 27732K [0x0000000083400000, 0x0000000088c80000, 0x00000000d6700000)
  object space 90624K, 30% used [0x0000000083400000,0x0000000084f15318,0x0000000088c80000)
 Metaspace       used 26666K, capacity 27266K, committed 27520K, reserved 1073152K
  class space    used 2978K, capacity 3180K, committed 3200K, reserved 1048576K
Event: 16.930 GC heap after
Heap after GC invocations=13 (full 2):
 PSYoungGen      total 360448K, used 5120K [0x00000000d6700000, 0x00000000ee100000, 0x0000000100000000)
  eden space 336896K, 0% used [0x00000000d6700000,0x00000000d6700000,0x00000000eb000000)
  from space 23552K, 21% used [0x00000000eb000000,0x00000000eb500040,0x00000000ec700000)
  to   space 23552K, 0% used [0x00000000ec700000,0x00000000ec700000,0x00000000ede00000)
 ParOldGen       total 90624K, used 27732K [0x0000000083400000, 0x0000000088c80000, 0x00000000d6700000)
  object space 90624K, 30% used [0x0000000083400000,0x0000000084f15318,0x0000000088c80000)
 Metaspace       used 26666K, capacity 27266K, committed 27520K, reserved 1073152K
  class space    used 2978K, capacity 3180K, committed 3200K, reserved 1048576K
}
Event: 17.825 GC heap before
{Heap before GC invocations=14 (full 2):
 PSYoungGen      total 360448K, used 342016K [0x00000000d6700000, 0x00000000ee100000, 0x0000000100000000)
  eden space 336896K, 100% used [0x00000000d6700000,0x00000000eb000000,0x00000000eb000000)
  from space 23552K, 21% used [0x00000000eb000000,0x00000000eb500040,0x00000000ec700000)
  to   space 23552K, 0% used [0x00000000ec700000,0x00000000ec700000,0x00000000ede00000)
 ParOldGen       total 90624K, used 27732K [0x0000000083400000, 0x0000000088c80000, 0x00000000d6700000)
  object space 90624K, 30% used [0x0000000083400000,0x0000000084f15318,0x0000000088c80000)
 Metaspace       used 26670K, capacity 27330K, committed 27520K, reserved 1073152K
  class space    used 2978K, capacity 3180K, committed 3200K, reserved 1048576K
Event: 17.890 GC heap after
Heap after GC invocations=14 (full 2):
 PSYoungGen      total 360448K, used 3888K [0x00000000d6700000, 0x00000000ee100000, 0x0000000100000000)
  eden space 336896K, 0% used [0x00000000d6700000,0x00000000d6700000,0x00000000eb000000)
  from space 23552K, 16% used [0x00000000ec700000,0x00000000ecacc010,0x00000000ede00000)
  to   space 23552K, 0% used [0x00000000eb000000,0x00000000eb000000,0x00000000ec700000)
 ParOldGen       total 90624K, used 32676K [0x0000000083400000, 0x0000000088c80000, 0x00000000d6700000)
  object space 90624K, 36% used [0x0000000083400000,0x00000000853e93b8,0x0000000088c80000)
 Metaspace       used 26670K, capacity 27330K, committed 27520K, reserved 1073152K
  class space    used 2978K, capacity 3180K, committed 3200K, reserved 1048576K
}
Event: 18.594 GC heap before
{Heap before GC invocations=15 (full 2):
 PSYoungGen      total 360448K, used 340784K [0x00000000d6700000, 0x00000000ee100000, 0x0000000100000000)
  eden space 336896K, 100% used [0x00000000d6700000,0x00000000eb000000,0x00000000eb000000)
  from space 23552K, 16% used [0x00000000ec700000,0x00000000ecacc010,0x00000000ede00000)
  to   space 23552K, 0% used [0x00000000eb000000,0x00000000eb000000,0x00000000ec700000)
 ParOldGen       total 90624K, used 32676K [0x0000000083400000, 0x0000000088c80000, 0x00000000d6700000)
  object space 90624K, 36% used [0x0000000083400000,0x00000000853e93b8,0x0000000088c80000)
 Metaspace       used 26670K, capacity 27330K, committed 27520K, reserved 1073152K
  class space    used 2978K, capacity 3180K, committed 3200K, reserved 1048576K
Event: 18.622 GC heap after
Heap after GC invocations=15 (full 2):
 PSYoungGen      total 360448K, used 3408K [0x00000000d6700000, 0x00000000ee100000, 0x0000000100000000)
  eden space 336896K, 0% used [0x00000000d6700000,0x00000000d6700000,0x00000000eb000000)
  from space 23552K, 14% used [0x00000000eb000000,0x00000000eb354040,0x00000000ec700000)
  to   space 23552K, 0% used [0x00000000ec700000,0x00000000ec700000,0x00000000ede00000)
 ParOldGen       total 90624K, used 36470K [0x0000000083400000, 0x0000000088c80000, 0x00000000d6700000)
  object space 90624K, 40% used [0x0000000083400000,0x000000008579db38,0x0000000088c80000)
 Metaspace       used 26670K, capacity 27330K, committed 27520K, reserved 1073152K
  class space    used 2978K, capacity 3180K, committed 3200K, reserved 1048576K
}
Event: 19.282 GC heap before
{Heap before GC invocations=16 (full 2):
 PSYoungGen      total 360448K, used 340304K [0x00000000d6700000, 0x00000000ee100000, 0x0000000100000000)
  eden space 336896K, 100% used [0x00000000d6700000,0x00000000eb000000,0x00000000eb000000)
  from space 23552K, 14% used [0x00000000eb000000,0x00000000eb354040,0x00000000ec700000)
  to   space 23552K, 0% used [0x00000000ec700000,0x00000000ec700000,0x00000000ede00000)
 ParOldGen       total 90624K, used 36470K [0x0000000083400000, 0x0000000088c80000, 0x00000000d6700000)
  object space 90624K, 40% used [0x0000000083400000,0x000000008579db38,0x0000000088c80000)
 Metaspace       used 26672K, capacity 27330K, committed 27520K, reserved 1073152K
  class space    used 2978K, capacity 3180K, committed 3200K, reserved 1048576K
Event: 19.341 GC heap after
Heap after GC invocations=16 (full 2):
 PSYoungGen      total 360448K, used 3216K [0x00000000d6700000, 0x00000000ee100000, 0x0000000100000000)
  eden space 336896K, 0% used [0x00000000d6700000,0x00000000d6700000,0x00000000eb000000)
  from space 23552K, 13% used [0x00000000ec700000,0x00000000eca24030,0x00000000ede00000)
  to   space 23552K, 0% used [0x00000000eb000000,0x00000000eb000000,0x00000000ec700000)
 ParOldGen       total 90624K, used 39742K [0x0000000083400000, 0x0000000088c80000, 0x00000000d6700000)
  object space 90624K, 43% used [0x0000000083400000,0x0000000085acfbd8,0x0000000088c80000)
 Metaspace       used 26672K, capacity 27330K, committed 27520K, reserved 1073152K
  class space    used 2978K, capacity 3180K, committed 3200K, reserved 1048576K
}

Deoptimization events (10 events):
Event: 14.642 Thread 0x000000000029f000 Uncommon trap: reason=class_check action=maybe_recompile pc=0x0000000003ca61f0 method=java.util.regex.Pattern$Start.match(Ljava/util/regex/Matcher;ILjava/lang/CharSequence;)Z @ 44
Event: 15.063 Thread 0x000000000029f000 Uncommon trap: reason=class_check action=maybe_recompile pc=0x0000000003e8d5e8 method=java.util.zip.InflaterInputStream.read([BII)I @ 100
Event: 15.067 Thread 0x000000000029f000 Uncommon trap: reason=class_check action=maybe_recompile pc=0x0000000003e8d5e8 method=java.util.zip.InflaterInputStream.read([BII)I @ 100
Event: 15.068 Thread 0x000000000029f000 Uncommon trap: reason=class_check action=maybe_recompile pc=0x0000000003e8d5e8 method=java.util.zip.InflaterInputStream.read([BII)I @ 100
Event: 15.068 Thread 0x000000000029f000 Uncommon trap: reason=class_check action=maybe_recompile pc=0x0000000003e8d5e8 method=java.util.zip.InflaterInputStream.read([BII)I @ 100
Event: 15.142 Thread 0x000000000029f000 Uncommon trap: reason=range_check action=make_not_entrant pc=0x0000000003ef9f14 method=org.objectweb.asm.Type.a([CI)Lorg/objectweb/asm/Type; @ 162
Event: 15.490 Thread 0x000000000029f000 Uncommon trap: reason=unstable_if action=reinterpret pc=0x0000000003f40b80 method=org.objectweb.asm.Type.a([CI)Lorg/objectweb/asm/Type; @ 165
Event: 15.491 Thread 0x000000000029f000 Uncommon trap: reason=unstable_if action=reinterpret pc=0x0000000003f04114 method=org.objectweb.asm.Type.a([CI)Lorg/objectweb/asm/Type; @ 165
Event: 16.040 Thread 0x000000000029f000 Uncommon trap: reason=unstable_if action=reinterpret pc=0x0000000003f4a35c method=org.objectweb.asm.Type.a([CI)Lorg/objectweb/asm/Type; @ 165
Event: 16.496 Thread 0x000000000029f000 Uncommon trap: reason=unstable_if action=reinterpret pc=0x0000000003f96308 method=org.objectweb.asm.Type.getDimensions()I @ 15

Classes redefined (0 events):
No events

Internal exceptions (10 events):
Event: 6.821 Thread 0x000000000029f000 Exception <a 'java/util/zip/ZipException'> (0x00000000d9681968) thrown at [C:\re\workspace\8-2-build-windows-amd64-cygwin\jdk8u171\10807\hotspot\src\share\vm\prims\jni.cpp, line 709]
Event: 6.821 Thread 0x000000000029f000 Exception <a 'java/util/zip/ZipException'> (0x00000000d9686250) thrown at [C:\re\workspace\8-2-build-windows-amd64-cygwin\jdk8u171\10807\hotspot\src\share\vm\prims\jni.cpp, line 709]
Event: 14.905 Thread 0x000000000029f000 Exception <a 'java/lang/NoClassDefFoundError': org/sonatype/aether/resolution/ArtifactResolutionException> (0x00000000d72274e0) thrown at [C:\re\workspace\8-2-build-windows-amd64-cygwin\jdk8u171\10807\hotspot\src\share\vm\classfile\systemDictionary.cpp, l
Event: 14.928 Thread 0x000000000029f000 Exception <a 'java/lang/NoClassDefFoundError': org/sonatype/aether/resolution/ArtifactDescriptorException> (0x00000000d72bf868) thrown at [C:\re\workspace\8-2-build-windows-amd64-cygwin\jdk8u171\10807\hotspot\src\share\vm\classfile\systemDictionary.cpp, l
Event: 14.929 Thread 0x000000000029f000 Exception <a 'java/lang/NoClassDefFoundError': org/sonatype/aether/metadata/Metadata> (0x00000000d72d0718) thrown at [C:\re\workspace\8-2-build-windows-amd64-cygwin\jdk8u171\10807\hotspot\src\share\vm\classfile\systemDictionary.cpp, line 199]
Event: 14.945 Thread 0x000000000029f000 Exception <a 'java/lang/NoClassDefFoundError': org/sonatype/aether/graph/Dependency> (0x00000000d7328aa0) thrown at [C:\re\workspace\8-2-build-windows-amd64-cygwin\jdk8u171\10807\hotspot\src\share\vm\classfile\systemDictionary.cpp, line 199]
Event: 14.947 Thread 0x000000000029f000 Exception <a 'java/lang/NoClassDefFoundError': org/sonatype/aether/installation/InstallationException> (0x00000000d73437c0) thrown at [C:\re\workspace\8-2-build-windows-amd64-cygwin\jdk8u171\10807\hotspot\src\share\vm\classfile\systemDictionary.cpp, line 
Event: 14.963 Thread 0x000000000029f000 Exception <a 'java/lang/NoClassDefFoundError': org/sonatype/aether/deployment/DeploymentException> (0x00000000d737cc30) thrown at [C:\re\workspace\8-2-build-windows-amd64-cygwin\jdk8u171\10807\hotspot\src\share\vm\classfile\systemDictionary.cpp, line 199]
Event: 14.964 Thread 0x000000000029f000 Exception <a 'java/lang/NoClassDefFoundError': org/sonatype/aether/metadata/Metadata> (0x00000000d7388220) thrown at [C:\re\workspace\8-2-build-windows-amd64-cygwin\jdk8u171\10807\hotspot\src\share\vm\classfile\systemDictionary.cpp, line 199]
Event: 14.978 Thread 0x000000000029f000 Exception <a 'java/lang/NoClassDefFoundError': org/sonatype/aether/collection/DependencyCollectionException> (0x00000000d74255e8) thrown at [C:\re\workspace\8-2-build-windows-amd64-cygwin\jdk8u171\10807\hotspot\src\share\vm\classfile\systemDictionary.cpp,

Events (10 events):
Event: 19.596 Thread 0x000000000029f000 DEOPT PACKING pc=0x0000000003f13b58 sp=0x000000000271d500
Event: 19.596 Thread 0x000000000029f000 DEOPT UNPACKING pc=0x0000000002a37490 sp=0x000000000271d4c8 mode 0
Event: 19.624 Thread 0x000000000029f000 DEOPT PACKING pc=0x0000000003f13b58 sp=0x000000000271d500
Event: 19.624 Thread 0x000000000029f000 DEOPT UNPACKING pc=0x0000000002a37490 sp=0x000000000271d4c8 mode 0
Event: 19.635 Thread 0x000000000029f000 DEOPT PACKING pc=0x0000000003f13b58 sp=0x000000000271d500
Event: 19.635 Thread 0x000000000029f000 DEOPT UNPACKING pc=0x0000000002a37490 sp=0x000000000271d4c8 mode 0
Event: 19.640 Thread 0x000000000029f000 DEOPT PACKING pc=0x0000000003f13b58 sp=0x000000000271d500
Event: 19.640 Thread 0x000000000029f000 DEOPT UNPACKING pc=0x0000000002a37490 sp=0x000000000271d4c8 mode 0
Event: 19.646 Thread 0x000000000029f000 DEOPT PACKING pc=0x0000000003f13b58 sp=0x000000000271d500
Event: 19.646 Thread 0x000000000029f000 DEOPT UNPACKING pc=0x0000000002a37490 sp=0x000000000271d4c8 mode 0


Dynamic libraries:
0x000000013f410000 - 0x000000013f447000 	C:\Program Files\Java\jdk1.8.0_171\bin\java.exe
0x0000000077400000 - 0x000000007759f000 	C:\Windows\SYSTEM32\ntdll.dll
0x00000000771e0000 - 0x00000000772ff000 	C:\Windows\system32\kernel32.dll
0x000007fefd1f0000 - 0x000007fefd25a000 	C:\Windows\system32\KERNELBASE.dll
0x000007fefe600000 - 0x000007fefe6db000 	C:\Windows\system32\ADVAPI32.dll
0x000007fefefd0000 - 0x000007feff06f000 	C:\Windows\system32\msvcrt.dll
0x000007feff5e0000 - 0x000007feff5ff000 	C:\Windows\SYSTEM32\sechost.dll
0x000007fefe1c0000 - 0x000007fefe2ed000 	C:\Windows\system32\RPCRT4.dll
0x0000000077300000 - 0x00000000773fa000 	C:\Windows\system32\USER32.dll
0x000007feff070000 - 0x000007feff0d7000 	C:\Windows\system32\GDI32.dll
0x000007feff680000 - 0x000007feff68e000 	C:\Windows\system32\LPK.dll
0x000007feff510000 - 0x000007feff5db000 	C:\Windows\system32\USP10.dll
0x000007fefbf70000 - 0x000007fefc164000 	C:\Windows\WinSxS\amd64_microsoft.windows.common-controls_6595b64144ccf1df_6.0.7601.23403_none_e36ad4593102f066\COMCTL32.dll
0x000007fefef50000 - 0x000007fefefc1000 	C:\Windows\system32\SHLWAPI.dll
0x000007fefe0f0000 - 0x000007fefe11e000 	C:\Windows\system32\IMM32.DLL
0x000007fefe2f0000 - 0x000007fefe3f9000 	C:\Windows\system32\MSCTF.dll
0x000000005c940000 - 0x000000005ca12000 	C:\Program Files\Java\jdk1.8.0_171\jre\bin\msvcr100.dll
0x000000005c0a0000 - 0x000000005c940000 	C:\Program Files\Java\jdk1.8.0_171\jre\bin\server\jvm.dll
0x000007fef5080000 - 0x000007fef5089000 	C:\Windows\system32\WSOCK32.dll
0x000007feff4c0000 - 0x000007feff50d000 	C:\Windows\system32\WS2_32.dll
0x000007feff3d0000 - 0x000007feff3d8000 	C:\Windows\system32\NSI.dll
0x000007fefb380000 - 0x000007fefb3bb000 	C:\Windows\system32\WINMM.dll
0x000007fefbcd0000 - 0x000007fefbcdc000 	C:\Windows\system32\VERSION.dll
0x00000000775b0000 - 0x00000000775b7000 	C:\Windows\system32\PSAPI.DLL
0x00000000611c0000 - 0x00000000611cf000 	C:\Program Files\Java\jdk1.8.0_171\jre\bin\verify.dll
0x000000005c070000 - 0x000000005c099000 	C:\Program Files\Java\jdk1.8.0_171\jre\bin\java.dll
0x000000005c050000 - 0x000000005c066000 	C:\Program Files\Java\jdk1.8.0_171\jre\bin\zip.dll
0x000007fefd360000 - 0x000007fefe0eb000 	C:\Windows\system32\SHELL32.dll
0x000007fefe400000 - 0x000007fefe5fd000 	C:\Windows\system32\ole32.dll
0x000007fefcfb0000 - 0x000007fefcfbf000 	C:\Windows\system32\profapi.dll
0x000007fecf870000 - 0x000007fecf87a000 	C:\Program Files (x86)\apache-maven-3.5.3\lib\jansi-native\windows64\jansi.dll
0x000000005c030000 - 0x000000005c04a000 	C:\Program Files\Java\jdk1.8.0_171\jre\bin\net.dll
0x000007fefc770000 - 0x000007fefc7c5000 	C:\Windows\system32\mswsock.dll
0x000007fefc760000 - 0x000007fefc767000 	C:\Windows\System32\wship6.dll
0x000000005c010000 - 0x000000005c021000 	C:\Program Files\Java\jdk1.8.0_171\jre\bin\nio.dll

VM Arguments:
jvm_args: -Dclassworlds.conf=C:/Program Files (x86)/apache-maven-3.5.3/bin/m2.conf -Dmaven.home=C:/Program Files (x86)/apache-maven-3.5.3 -Dlibrary.jansi.path=C:/Program Files (x86)/apache-maven-3.5.3/lib/jansi-native -Dmaven.multiModuleProjectDirectory=E:/Personal Storage/WorkspaceIdea/SkorrloreGaming 
java_command: org.codehaus.plexus.classworlds.launcher.Launcher install
java_class_path (initial): C:/Program Files (x86)/apache-maven-3.5.3/boot/plexus-classworlds-2.5.2.jar
Launcher Type: SUN_STANDARD

Environment Variables:
JAVA_HOME=C:/Program Files/Java/jdk1.8.0_171
JRE_HOME=C:\Program Files\Java\jdk1.8.0_171
PATH=C:\Users\SkorrloreGaming\bin;C:\Program Files\Git\mingw64\bin;C:\Program Files\Git\usr\local\bin;C:\Program Files\Git\usr\bin;C:\Program Files\Git\usr\bin;C:\Program Files\Git\mingw64\bin;C:\Program Files\Git\usr\bin;C:\Users\SkorrloreGaming\bin;C:\Program Files\Common Files\Microsoft Shared\Windows Live;C:\Program Files (x86)\Common Files\Microsoft Shared\Windows Live;C:\Python27;C:\Python27\Scripts;C:\Program Files (x86)\Common Files\Oracle\Java\javapath;C:\Windows\system32;C:\Windows;C:\Windows\System32\Wbem;C:\Windows\System32\WindowsPowerShell\v1.0;C:\Program Files (x86)\adb;C:\Program Files (x86)\apache-ant-1.10.3\bin;C:\Program Files (x86)\apache-maven-3.5.3\bin;C:\Program Files\PuTTY;C:\Program Files\Git\cmd;C:\Program Files\nodejs;C:\Program Files (x86)\Windows Live\Shared;C:\Program Files\WIDCOMM\Bluetooth Software;C:\Program Files\WIDCOMM\Bluetooth Software\syswow64;C:\Program Files (x86)\WinSCP;C:\Program Files\Microsoft Windows Performance Toolkit;C:\Program Files\Java\jdk1.8.0_171\bin;C:\Program Files\Java\jdk1.8.0_171\lib;C:\Users\SkorrloreGaming\AppData\Roaming\npm;C:\Program Files\Git\usr\bin\vendor_perl;C:\Program Files\Git\usr\bin\core_perl
USERNAME=SkorrloreGaming
SHELL=C:\Program Files\Git\usr\bin\bash.exe
DISPLAY=needs-to-be-defined
OS=Windows_NT
PROCESSOR_IDENTIFIER=Intel64 Family 6 Model 37 Stepping 2, GenuineIntel



---------------  S Y S T E M  ---------------

OS: Windows 7 , 64 bit Build 7601 (6.1.7601.24214)

CPU:total 4 (initial active 4) (2 cores per cpu, 2 threads per core) family 6 model 37 stepping 2, cmov, cx8, fxsr, mmx, sse, sse2, sse3, ssse3, sse4.1, sse4.2, popcnt, aes, clmul, ht, tsc, tscinvbit

Memory: 4k page, physical 8174980k(1125328k free), swap 8173080k(4944k free)

vm_info: Java HotSpot(TM) 64-Bit Server VM (25.171-b11) for windows-amd64 JRE (1.8.0_171-b11), built on Mar 28 2018 16:06:12 by "java_re" with MS VC++ 10.0 (VS2010)

time: Fri Jan 11 13:47:54 2019
elapsed time: 19 seconds (0d 0h 0m 19s)

